2025-03-21T01:19:17 | touched: test/Etherswallet.test.js
2025-10-08T17:18:31 | touched: scripts/api-server.js
2025-09-06T22:57:34 | touched: scripts/api-server.js
2025-10-06T00:39:41 | touched: scripts/deploy.js
2025-07-05T11:30:13 | touched: package.json
2025-04-12T20:10:52 | touched: .env.example
2025-06-15T07:04:28 | touched: README.md
2025-11-26T03:46:06 | touched: hardhat.config.js
2025-02-24T21:28:04 | touched: test/Etherswallet.test.js
2025-01-23T03:17:08 | touched: scripts/cli.js
2025-02-20T22:04:57 | touched: README.md
2025-10-22T19:57:42 | touched: scripts/api-server.js
2025-05-12T20:29:06 | touched: scripts/frontend-integration.js
2025-09-19T21:49:49 | touched: scripts/deploy.js
2025-08-02T20:45:23 | touched: README.md
2025-09-30T07:43:59 | touched: .env.example
2025-03-15T23:02:39 | touched: package.json
2025-09-18T10:06:21 | touched: package.json
2025-04-22T19:59:03 | touched: scripts/api-server.js
2025-01-02T20:35:00 | touched: scripts/api-server.js
2025-04-06T16:38:07 | touched: test/Etherswallet.test.js
